<?xml version="1.0" encoding="UTF-8"?>
<!-- Generated by org.testng.reporters.JUnitReportReporter -->
<testsuite hostname="DESKTOP-D8K8JU6" failures="0" tests="3" name="test.LoginTest" time="4.181" errors="0" timestamp="2022-08-27T00:24:54 IST" skipped="0">
  <testcase classname="test.LoginTest" name="verifyUrlOfPage" time="0.019"/>
  <system-out/>
  <testcase classname="test.LoginTest" name="verifyLoginPageIsDisplayed" time="0.612"/>
  <system-out/>
  <testcase classname="test.LoginTest" name="verifyLogin" time="3.550"/>
  <system-out/>
</testsuite> <!-- test.LoginTest -->
