<?xml version="1.0" encoding="UTF-8"?>
<!-- Generated by org.testng.reporters.JUnitReportReporter -->
<testsuite hostname="DESKTOP-D8K8JU6" failures="0" tests="2" name="test.PimTest" time="4.496" errors="0" timestamp="2022-08-27T00:24:54 IST" skipped="0">
  <testcase classname="test.PimTest" name="verifyPimPage" time="4.341"/>
  <system-out/>
  <testcase classname="test.PimTest" name="verifyIdCheckBoxIsSelected" time="0.155"/>
  <system-out/>
</testsuite> <!-- test.PimTest -->
